# JRE version: OpenJDK Runtime Environment GraalVM CE 22.3.0 (17.0.5+8) (build 17.0.5+8-jvmci-22.3-b08)
# Java VM: OpenJDK 64-Bit Server VM GraalVM CE 22.3.0 (17.0.5+8-jvmci-22.3-b08, mixed mode, sharing, tiered, jvmci, jvmci compiler, compressed oops, compressed class ptrs, parallel gc, linux-amd64)
GC Precious Log:
 CPUs: 8 total, 1 available
 Memory: 1024M
 Large Page Support: Disabled
 NUMA Support: Disabled
 Compressed Oops: Enabled (32-bit)
 Alignments: Space 512K, Generation 512K, Heap 2M
 Heap Min Capacity: 100M
 Heap Initial Capacity: 100M
 Heap Max Capacity: 512M
 Pre-touch: Disabled
 Parallel Workers: 1
Heap:
 PSYoungGen      total 67072K, used 52224K [0x00000000f5580000, 0x00000000fad80000, 0x0000000100000000)
  eden space 52224K, 100% used [0x00000000f5580000,0x00000000f8880000,0x00000000f8880000)
  from space 14848K, 0% used [0x00000000f9f00000,0x00000000f9f00000,0x00000000fad80000)
  to   space 17920K, 0% used [0x00000000f8880000,0x00000000f8880000,0x00000000f9a00000)
 ParOldGen       total 349696K, used 349696K [0x00000000e0000000, 0x00000000f5580000, 0x00000000f5580000)
  object space 349696K, 100% used [0x00000000e0000000,0x00000000f5580000,0x00000000f5580000)
 Metaspace       used 56443K, committed 57344K, reserved 1105920K
  class space    used 5383K, committed 5760K, reserved 1048576K
GC Heap History (20 events):
Event: 1102.106 GC heap before
{Heap before GC invocations=814 (full 723):
 PSYoungGen      total 67072K, used 52223K [0x00000000f5580000, 0x00000000fad80000, 0x0000000100000000)
  eden space 52224K, 99% used [0x00000000f5580000,0x00000000f887fff8,0x00000000f8880000)
  from space 14848K, 0% used [0x00000000f9f00000,0x00000000f9f00000,0x00000000fad80000)
  to   space 17920K, 0% used [0x00000000f8880000,0x00000000f8880000,0x00000000f9a00000)
 ParOldGen       total 349696K, used 349694K [0x00000000e0000000, 0x00000000f5580000, 0x00000000f5580000)
  object space 349696K, 99% used [0x00000000e0000000,0x00000000f557fb98,0x00000000f5580000)
 Metaspace       used 56443K, committed 57344K, reserved 1105920K
  class space    used 5383K, committed 5760K, reserved 1048576K
}
Event: 1103.566 GC heap after
{Heap after GC invocations=814 (full 723):
 PSYoungGen      total 70144K, used 52223K [0x00000000f5580000, 0x00000000fad80000, 0x0000000100000000)
  eden space 52224K, 99% used [0x00000000f5580000,0x00000000f887ff98,0x00000000f8880000)
  from space 17920K, 0% used [0x00000000f8880000,0x00000000f8880000,0x00000000f9a00000)
  to   space 14848K, 0% used [0x00000000f9f00000,0x00000000f9f00000,0x00000000fad80000)
 ParOldGen       total 349696K, used 349694K [0x00000000e0000000, 0x00000000f5580000, 0x00000000f5580000)
  object space 349696K, 99% used [0x00000000e0000000,0x00000000f557fb98,0x00000000f5580000)
 Metaspace       used 56443K, committed 57344K, reserved 1105920K
  class space    used 5383K, committed 5760K, reserved 1048576K
}
Event: 1103.567 GC heap before
{Heap before GC invocations=815 (full 724):
 PSYoungGen      total 70144K, used 52223K [0x00000000f5580000, 0x00000000fad80000, 0x0000000100000000)
  eden space 52224K, 99% used [0x00000000f5580000,0x00000000f887fff8,0x00000000f8880000)
  from space 17920K, 0% used [0x00000000f8880000,0x00000000f8880000,0x00000000f9a00000)
  to   space 14848K, 0% used [0x00000000f9f00000,0x00000000f9f00000,0x00000000fad80000)
 ParOldGen       total 349696K, used 349694K [0x00000000e0000000, 0x00000000f5580000, 0x00000000f5580000)
  object space 349696K, 99% used [0x00000000e0000000,0x00000000f557fb98,0x00000000f5580000)
 Metaspace       used 56443K, committed 57344K, reserved 1105920K
  class space    used 5383K, committed 5760K, reserved 1048576K
}
Event: 1105.004 GC heap after
{Heap after GC invocations=815 (full 724):
 PSYoungGen      total 67072K, used 52223K [0x00000000f5580000, 0x00000000fad80000, 0x0000000100000000)
  eden space 52224K, 99% used [0x00000000f5580000,0x00000000f887ffb8,0x00000000f8880000)
  from space 14848K, 0% used [0x00000000f9f00000,0x00000000f9f00000,0x00000000fad80000)
  to   space 17920K, 0% used [0x00000000f8880000,0x00000000f8880000,0x00000000f9a00000)
 ParOldGen       total 349696K, used 349694K [0x00000000e0000000, 0x00000000f5580000, 0x00000000f5580000)
  object space 349696K, 99% used [0x00000000e0000000,0x00000000f557fb98,0x00000000f5580000)
 Metaspace       used 56443K, committed 57344K, reserved 1105920K
  class space    used 5383K, committed 5760K, reserved 1048576K
}
Event: 1105.004 GC heap before
{Heap before GC invocations=816 (full 725):
 PSYoungGen      total 67072K, used 52223K [0x00000000f5580000, 0x00000000fad80000, 0x0000000100000000)
  eden space 52224K, 99% used [0x00000000f5580000,0x00000000f887fff8,0x00000000f8880000)
  from space 14848K, 0% used [0x00000000f9f00000,0x00000000f9f00000,0x00000000fad80000)
  to   space 17920K, 0% used [0x00000000f8880000,0x00000000f8880000,0x00000000f9a00000)
 ParOldGen       total 349696K, used 349694K [0x00000000e0000000, 0x00000000f5580000, 0x00000000f5580000)
  object space 349696K, 99% used [0x00000000e0000000,0x00000000f557fb98,0x00000000f5580000)
 Metaspace       used 56443K, committed 57344K, reserved 1105920K
  class space    used 5383K, committed 5760K, reserved 1048576K
}
Event: 1106.566 GC heap after
{Heap after GC invocations=816 (full 725):
 PSYoungGen      total 70144K, used 52223K [0x00000000f5580000, 0x00000000fad80000, 0x0000000100000000)
  eden space 52224K, 99% used [0x00000000f5580000,0x00000000f887ffb8,0x00000000f8880000)
  from space 17920K, 0% used [0x00000000f8880000,0x00000000f8880000,0x00000000f9a00000)
  to   space 14848K, 0% used [0x00000000f9f00000,0x00000000f9f00000,0x00000000fad80000)
 ParOldGen       total 349696K, used 349694K [0x00000000e0000000, 0x00000000f5580000, 0x00000000f5580000)
  object space 349696K, 99% used [0x00000000e0000000,0x00000000f557fb98,0x00000000f5580000)
 Metaspace       used 56443K, committed 57344K, reserved 1105920K
  class space    used 5383K, committed 5760K, reserved 1048576K
}
Event: 1106.566 GC heap before
{Heap before GC invocations=817 (full 726):
 PSYoungGen      total 70144K, used 52223K [0x00000000f5580000, 0x00000000fad80000, 0x0000000100000000)
  eden space 52224K, 99% used [0x00000000f5580000,0x00000000f887fff8,0x00000000f8880000)
  from space 17920K, 0% used [0x00000000f8880000,0x00000000f8880000,0x00000000f9a00000)
  to   space 14848K, 0% used [0x00000000f9f00000,0x00000000f9f00000,0x00000000fad80000)
 ParOldGen       total 349696K, used 349694K [0x00000000e0000000, 0x00000000f5580000, 0x00000000f5580000)
  object space 349696K, 99% used [0x00000000e0000000,0x00000000f557fb98,0x00000000f5580000)
 Metaspace       used 56443K, committed 57344K, reserved 1105920K
  class space    used 5383K, committed 5760K, reserved 1048576K
}
Event: 1108.102 GC heap after
{Heap after GC invocations=817 (full 726):
 PSYoungGen      total 67072K, used 52223K [0x00000000f5580000, 0x00000000fad80000, 0x0000000100000000)
  eden space 52224K, 99% used [0x00000000f5580000,0x00000000f887ffb8,0x00000000f8880000)
  from space 14848K, 0% used [0x00000000f9f00000,0x00000000f9f00000,0x00000000fad80000)
  to   space 17920K, 0% used [0x00000000f8880000,0x00000000f8880000,0x00000000f9a00000)
 ParOldGen       total 349696K, used 349694K [0x00000000e0000000, 0x00000000f5580000, 0x00000000f5580000)
  object space 349696K, 99% used [0x00000000e0000000,0x00000000f557fb98,0x00000000f5580000)
 Metaspace       used 56443K, committed 57344K, reserved 1105920K
  class space    used 5383K, committed 5760K, reserved 1048576K
}
Event: 1108.102 GC heap before
{Heap before GC invocations=818 (full 727):
 PSYoungGen      total 67072K, used 52223K [0x00000000f5580000, 0x00000000fad80000, 0x0000000100000000)
  eden space 52224K, 99% used [0x00000000f5580000,0x00000000f887fff8,0x00000000f8880000)
  from space 14848K, 0% used [0x00000000f9f00000,0x00000000f9f00000,0x00000000fad80000)
  to   space 17920K, 0% used [0x00000000f8880000,0x00000000f8880000,0x00000000f9a00000)
 ParOldGen       total 349696K, used 349694K [0x00000000e0000000, 0x00000000f5580000, 0x00000000f5580000)
  object space 349696K, 99% used [0x00000000e0000000,0x00000000f557fb98,0x00000000f5580000)
 Metaspace       used 56443K, committed 57344K, reserved 1105920K
  class space    used 5383K, committed 5760K, reserved 1048576K
}
Event: 1109.522 GC heap after
{Heap after GC invocations=818 (full 727):
 PSYoungGen      total 70144K, used 52223K [0x00000000f5580000, 0x00000000fad80000, 0x0000000100000000)
  eden space 52224K, 99% used [0x00000000f5580000,0x00000000f887ffb8,0x00000000f8880000)
  from space 17920K, 0% used [0x00000000f8880000,0x00000000f8880000,0x00000000f9a00000)
  to   space 14848K, 0% used [0x00000000f9f00000,0x00000000f9f00000,0x00000000fad80000)
 ParOldGen       total 349696K, used 349694K [0x00000000e0000000, 0x00000000f5580000, 0x00000000f5580000)
  object space 349696K, 99% used [0x00000000e0000000,0x00000000f557fb98,0x00000000f5580000)
 Metaspace       used 56443K, committed 57344K, reserved 1105920K
  class space    used 5383K, committed 5760K, reserved 1048576K
}
Event: 1109.523 GC heap before
{Heap before GC invocations=819 (full 728):
 PSYoungGen      total 70144K, used 52223K [0x00000000f5580000, 0x00000000fad80000, 0x0000000100000000)
  eden space 52224K, 99% used [0x00000000f5580000,0x00000000f887fff8,0x00000000f8880000)
  from space 17920K, 0% used [0x00000000f8880000,0x00000000f8880000,0x00000000f9a00000)
  to   space 14848K, 0% used [0x00000000f9f00000,0x00000000f9f00000,0x00000000fad80000)
 ParOldGen       total 349696K, used 349694K [0x00000000e0000000, 0x00000000f5580000, 0x00000000f5580000)
  object space 349696K, 99% used [0x00000000e0000000,0x00000000f557fb98,0x00000000f5580000)
 Metaspace       used 56443K, committed 57344K, reserved 1105920K
  class space    used 5383K, committed 5760K, reserved 1048576K
}
Event: 1110.923 GC heap after
{Heap after GC invocations=819 (full 728):
 PSYoungGen      total 67072K, used 52223K [0x00000000f5580000, 0x00000000fad80000, 0x0000000100000000)
  eden space 52224K, 99% used [0x00000000f5580000,0x00000000f887ffb8,0x00000000f8880000)
  from space 14848K, 0% used [0x00000000f9f00000,0x00000000f9f00000,0x00000000fad80000)
  to   space 17920K, 0% used [0x00000000f8880000,0x00000000f8880000,0x00000000f9a00000)
 ParOldGen       total 349696K, used 349694K [0x00000000e0000000, 0x00000000f5580000, 0x00000000f5580000)
  object space 349696K, 99% used [0x00000000e0000000,0x00000000f557fb98,0x00000000f5580000)
 Metaspace       used 56443K, committed 57344K, reserved 1105920K
  class space    used 5383K, committed 5760K, reserved 1048576K
}
Event: 1110.923 GC heap before
{Heap before GC invocations=820 (full 729):
 PSYoungGen      total 67072K, used 52224K [0x00000000f5580000, 0x00000000fad80000, 0x0000000100000000)
  eden space 52224K, 100% used [0x00000000f5580000,0x00000000f8880000,0x00000000f8880000)
  from space 14848K, 0% used [0x00000000f9f00000,0x00000000f9f00000,0x00000000fad80000)
  to   space 17920K, 0% used [0x00000000f8880000,0x00000000f8880000,0x00000000f9a00000)
 ParOldGen       total 349696K, used 349694K [0x00000000e0000000, 0x00000000f5580000, 0x00000000f5580000)
  object space 349696K, 99% used [0x00000000e0000000,0x00000000f557fb98,0x00000000f5580000)
 Metaspace       used 56443K, committed 57344K, reserved 1105920K
  class space    used 5383K, committed 5760K, reserved 1048576K
}
Event: 1112.404 GC heap after
{Heap after GC invocations=820 (full 729):
 PSYoungGen      total 70144K, used 52223K [0x00000000f5580000, 0x00000000fad80000, 0x0000000100000000)
  eden space 52224K, 99% used [0x00000000f5580000,0x00000000f887ffd0,0x00000000f8880000)
  from space 17920K, 0% used [0x00000000f8880000,0x00000000f8880000,0x00000000f9a00000)
  to   space 14848K, 0% used [0x00000000f9f00000,0x00000000f9f00000,0x00000000fad80000)
 ParOldGen       total 349696K, used 349694K [0x00000000e0000000, 0x00000000f5580000, 0x00000000f5580000)
  object space 349696K, 99% used [0x00000000e0000000,0x00000000f557fb98,0x00000000f5580000)
 Metaspace       used 56443K, committed 57344K, reserved 1105920K
  class space    used 5383K, committed 5760K, reserved 1048576K
}
Event: 1112.404 GC heap before
{Heap before GC invocations=821 (full 730):
 PSYoungGen      total 70144K, used 52223K [0x00000000f5580000, 0x00000000fad80000, 0x0000000100000000)
  eden space 52224K, 99% used [0x00000000f5580000,0x00000000f887ffd0,0x00000000f8880000)
  from space 17920K, 0% used [0x00000000f8880000,0x00000000f8880000,0x00000000f9a00000)
  to   space 14848K, 0% used [0x00000000f9f00000,0x00000000f9f00000,0x00000000fad80000)
 ParOldGen       total 349696K, used 349694K [0x00000000e0000000, 0x00000000f5580000, 0x00000000f5580000)
  object space 349696K, 99% used [0x00000000e0000000,0x00000000f557fb98,0x00000000f5580000)
 Metaspace       used 56443K, committed 57344K, reserved 1105920K
  class space    used 5383K, committed 5760K, reserved 1048576K
}
Event: 1113.907 GC heap after
{Heap after GC invocations=821 (full 730):
 PSYoungGen      total 67072K, used 52223K [0x00000000f5580000, 0x00000000fad80000, 0x0000000100000000)
  eden space 52224K, 99% used [0x00000000f5580000,0x00000000f887ffd0,0x00000000f8880000)
  from space 14848K, 0% used [0x00000000f9f00000,0x00000000f9f00000,0x00000000fad80000)
  to   space 17920K, 0% used [0x00000000f8880000,0x00000000f8880000,0x00000000f9a00000)
 ParOldGen       total 349696K, used 349694K [0x00000000e0000000, 0x00000000f5580000, 0x00000000f5580000)
  object space 349696K, 99% used [0x00000000e0000000,0x00000000f557fb98,0x00000000f5580000)
 Metaspace       used 56443K, committed 57344K, reserved 1105920K
  class space    used 5383K, committed 5760K, reserved 1048576K
}
Event: 1113.907 GC heap before
{Heap before GC invocations=822 (full 731):
 PSYoungGen      total 67072K, used 52223K [0x00000000f5580000, 0x00000000fad80000, 0x0000000100000000)
  eden space 52224K, 99% used [0x00000000f5580000,0x00000000f887fff0,0x00000000f8880000)
  from space 14848K, 0% used [0x00000000f9f00000,0x00000000f9f00000,0x00000000fad80000)
  to   space 17920K, 0% used [0x00000000f8880000,0x00000000f8880000,0x00000000f9a00000)
 ParOldGen       total 349696K, used 349694K [0x00000000e0000000, 0x00000000f5580000, 0x00000000f5580000)
  object space 349696K, 99% used [0x00000000e0000000,0x00000000f557fbb8,0x00000000f5580000)
 Metaspace       used 56443K, committed 57344K, reserved 1105920K
  class space    used 5383K, committed 5760K, reserved 1048576K
}
Event: 1115.399 GC heap after
{Heap after GC invocations=822 (full 731):
 PSYoungGen      total 70144K, used 52223K [0x00000000f5580000, 0x00000000fad80000, 0x0000000100000000)
  eden space 52224K, 99% used [0x00000000f5580000,0x00000000f887ffd0,0x00000000f8880000)
  from space 17920K, 0% used [0x00000000f8880000,0x00000000f8880000,0x00000000f9a00000)
  to   space 14848K, 0% used [0x00000000f9f00000,0x00000000f9f00000,0x00000000fad80000)
 ParOldGen       total 349696K, used 349694K [0x00000000e0000000, 0x00000000f5580000, 0x00000000f5580000)
  object space 349696K, 99% used [0x00000000e0000000,0x00000000f557fbb8,0x00000000f5580000)
 Metaspace       used 56443K, committed 57344K, reserved 1105920K
  class space    used 5383K, committed 5760K, reserved 1048576K
}
Event: 1115.399 GC heap before
{Heap before GC invocations=823 (full 732):
 PSYoungGen      total 70144K, used 52223K [0x00000000f5580000, 0x00000000fad80000, 0x0000000100000000)
  eden space 52224K, 99% used [0x00000000f5580000,0x00000000f887ffd0,0x00000000f8880000)
  from space 17920K, 0% used [0x00000000f8880000,0x00000000f8880000,0x00000000f9a00000)
  to   space 14848K, 0% used [0x00000000f9f00000,0x00000000f9f00000,0x00000000fad80000)
 ParOldGen       total 349696K, used 349694K [0x00000000e0000000, 0x00000000f5580000, 0x00000000f5580000)
  object space 349696K, 99% used [0x00000000e0000000,0x00000000f557fbb8,0x00000000f5580000)
 Metaspace       used 56443K, committed 57344K, reserved 1105920K
  class space    used 5383K, committed 5760K, reserved 1048576K
}
Event: 1116.929 GC heap after
{Heap after GC invocations=823 (full 732):
 PSYoungGen      total 67072K, used 52223K [0x00000000f5580000, 0x00000000fad80000, 0x0000000100000000)
  eden space 52224K, 99% used [0x00000000f5580000,0x00000000f887ffd0,0x00000000f8880000)
  from space 14848K, 0% used [0x00000000f9f00000,0x00000000f9f00000,0x00000000fad80000)
  to   space 17920K, 0% used [0x00000000f8880000,0x00000000f8880000,0x00000000f9a00000)
 ParOldGen       total 349696K, used 349694K [0x00000000e0000000, 0x00000000f5580000, 0x00000000f5580000)
  object space 349696K, 99% used [0x00000000e0000000,0x00000000f557fbb8,0x00000000f5580000)
 Metaspace       used 56443K, committed 57344K, reserved 1105920K
  class space    used 5383K, committed 5760K, reserved 1048576K
}

